<?xml version="1.0" encoding="UTF-8" ?>
<testsuites disabled="0" errors="0" failures="0" tests="3" time="67.299">
 <testsuite name="Protractor Demo App" timestamp="2022-08-08T16:31:08" hostname="localhost" time="22.447" errors="0" tests="1" skipped="0" disabled="0" failures="0">
  <testcase classname="Protractor Demo App" name="should have a title" time="22.424" />
 </testsuite>
 <testsuite name="Protractor Demo App" timestamp="2022-08-08T16:31:30" hostname="localhost" time="22.874" errors="0" tests="1" skipped="0" disabled="0" failures="0">
  <testcase classname="Protractor Demo App" name="should have a title" time="22.864" />
 </testsuite>
 <testsuite name="Protractor Demo App" timestamp="2022-08-08T16:31:53" hostname="localhost" time="21.978" errors="0" tests="1" skipped="0" disabled="0" failures="0">
  <testcase classname="Protractor Demo App" name="should have a title" time="21.968" />
 </testsuite>
</testsuites>